GROUP,PACKAGE,CLASS,INSTRUCTION_MISSED,INSTRUCTION_COVERED,BRANCH_MISSED,BRANCH_COVERED,LINE_MISSED,LINE_COVERED,COMPLEXITY_MISSED,COMPLEXITY_COVERED,METHOD_MISSED,METHOD_COVERED
users,com.learning.users.model,User,0,66,0,0,0,28,0,19,0,19
users,com.learning.users.model,ConnectionDBase,0,17,0,0,0,7,0,2,0,2
users,com.learning.users.model,UserNotFoundException,0,5,0,0,0,2,0,1,0,1
users,com.learning.users.model,UserController,29,53,0,0,9,15,3,4,3,4
users,com.learning.users.repository,UserRepositoryInMemory,19,332,5,37,4,70,5,30,0,14
